build/app/outputs/mapping/release/usage.txt
com.example.mad_sport_app.R$color
com.example.mad_sport_app.R$drawable
com.example.mad_sport_app.R$layout
com.example.mad_sport_app.R$style
com.example.mad_sport_app.R$dimen
com.example.mad_sport_app.R$string
com.example.mad_sport_app.R
com.example.mad_sport_app.R$integer
com.example.mad_sport_app.BuildConfig
com.example.mad_sport_app.R$mipmap
com.example.mad_sport_app.R$id
com.example.mad_sport_app.R$styleable
com.example.mad_sport_app.R$attr
...
kotlin.jvm.JvmRecord
androidx.annotation.IntegerRes
com.google.common.io.BaseEncoding$1
kotlin.ranges.LongProgression$Companion
kotlinx.coroutines.flow.internal.FlowProduceCoroutine
kotlinx.coroutines.flow.FlowKt__ContextKt$flowWith$lambda-3$$inlined$collect$1
com.google.common.graph.EdgesConnecting
com.google.common.collect.ImmutableCollection
com.google.common.collect.Iterators$11
kotlinx.coroutines.flow.FlowKt__LimitKt
com.google.common.cache.LocalCache$EntryFactory$4
androidx.core.R
androidx.core.view.accessibility.AccessibilityNodeInfoCompat$CollectionItemInfoCompat
kotlin.reflect.KClass$DefaultImpls
com.google.common.collect.Interners$InternerImpl
com.google.common.util.concurrent.MoreExecutors$5$1
com.google.common.collect.Maps$FilteredEntryMap$EntrySet$1
com.google.common.collect.Cut$AboveAll
kotlin.jvm.internal.FloatCompanionObject
androidx.core.view.ViewPropertyAnimatorListenerAdapter
io.flutter.plugin.common.StandardMessageCodec:
    private static final java.lang.String TAG
    private static final byte NULL
    private static final byte TRUE
    private static final byte FALSE
    private static final byte INT
    private static final byte LONG
    private static final byte BIGINT
    private static final byte DOUBLE
    private static final byte STRING
    private static final byte BYTE_ARRAY
    private static final byte INT_ARRAY
    private static final byte LONG_ARRAY
    private static final byte DOUBLE_ARRAY
    private static final byte LIST
    private static final byte MAP
    private static final byte FLOAT_ARRAY
kotlinx.coroutines.channels.ChannelsKt__DeprecatedKt$takeWhile$1
androidx.core.widget.TintableCheckedTextView
androidx.core.graphics.BlendModeUtils
com.google.common.graph.ImmutableNetwork$1
kotlin.experimental.ExperimentalTypeInference
com.google.common.util.concurrent.AbstractService$IsStoppableGuard
com.google.common.util.concurrent.Service$State
kotlin.ranges.ComparableRange
com.google.common.collect.MapMakerInternalMap$StrongKeyDummyValueEntry$Helper
com.google.common.collect.MultimapBuilder$ArrayListSupplier
kotlin.collections.UShortIterator
androidx.fragment.app.FragmentManagerImpl
androidx.core.content.pm.ShortcutInfoCompat
com.google.common.util.concurrent.Service$Listener
com.google.common.collect.MapMakerInternalMap$WeakKeyDummyValueEntry$Helper
com.google.common.util.concurrent.ServiceManager
androidx.core.view.accessibility.AccessibilityNodeProviderCompat$AccessibilityNodeProviderApi16
com.google.common.util.concurrent.UncheckedTimeoutException
com.google.common.collect.MutableClassToInstanceMap$2
io.flutter.plugin.common.EventChannel$1
androidx.core.app.NotificationCompat$Extender
com.google.common.collect.TreeTraverser$4
com.google.common.collect.Lists$1
kotlin.collections.CollectionsKt___CollectionsKt$asSequence$$inlined$Sequence$1
androidx.core.graphics.TypefaceCompatApi24Impl
kotlinx.coroutines.debug.AgentPremain
androidx.lifecycle.Observer:
    public abstract void onChanged(java.lang.Object)
com.google.common.collect.RegularContiguousSet$SerializedForm
com.google.common.base.CharMatcher$JavaLetterOrDigit
kotlinx.coroutines.channels.ConflatedBroadcastChannel$Companion
kotlin.sequences.SequencesKt___SequencesKt$sorted$1
kotlinx.coroutines.flow.internal.SafeCollectorKt:
    private static synthetic void getEmitFun$annotations()
androidx.core.view.LayoutInflaterCompat$Factory2Wrapper
androidx.core.app.NotificationCompat$BigPictureStyle$Api16Impl
kotlin.collections.unsigned.UArraysKt___UArraysKt
kotlin.reflect.KClassesImplKt
kotlin.sequences.DropWhileSequence
androidx.core.app.NotificationCompat$CarExtender$UnreadConversation$Builder
com.google.common.collect.ImmutableSetMultimap
com.google.common.util.concurrent.AbstractService$IsStoppedGuard
kotlin.time.TimeSource$Companion
com.google.common.cache.CacheBuilderSpec$AccessDurationParser
com.google.common.util.concurrent.FuturesGetChecked$1